[0906/002736.602:ERROR:process_memory_win.cc(73)] ReadMemory at 0x7ff7bb720000 of 64 bytes failed: Only part of a ReadProcessMemory or WriteProcessMemory request was completed. (0x12B)
[0906/002736.603:WARNING:pe_image_reader.cc(340)] could not read dos header from C:\Program Files (x86)\Google\Chrome\Application\chrome.exe
[0906/002736.603:ERROR:process_memory_win.cc(73)] ReadMemory at 0x7ff86da00000 of 64 bytes failed: Only part of a ReadProcessMemory or WriteProcessMemory request was completed. (0x12B)
[0906/002736.603:WARNING:pe_image_reader.cc(340)] could not read dos header from C:\Windows\SYSTEM32\ntdll.dll
[0906/002736.603:ERROR:process_memory_win.cc(73)] ReadMemory at 0x7ff86d900000 of 64 bytes failed: Only part of a ReadProcessMemory or WriteProcessMemory request was completed. (0x12B)
[0906/002736.604:WARNING:pe_image_reader.cc(340)] could not read dos header from C:\Windows\System32\KERNEL32.DLL
[0906/002736.604:ERROR:process_memory_win.cc(73)] ReadMemory at 0x7ff86b7a0000 of 64 bytes failed: Only part of a ReadProcessMemory or WriteProcessMemory request was completed. (0x12B)
[0906/002736.604:WARNING:pe_image_reader.cc(340)] could not read dos header from C:\Windows\System32\KERNELBASE.dll
[0906/002736.604:ERROR:process_memory_win.cc(73)] ReadMemory at 0x7ff838750000 of 64 bytes failed: Only part of a ReadProcessMemory or WriteProcessMemory request was completed. (0x12B)
[0906/002736.604:WARNING:pe_image_reader.cc(340)] could not read dos header from C:\Program Files (x86)\Google\Chrome\Application\85.0.4183.83\chrome_elf.dll
[0906/002736.604:ERROR:process_memory_win.cc(73)] ReadMemory at 0x7ff862470000 of 64 bytes failed: Only part of a ReadProcessMemory or WriteProcessMemory request was completed. (0x12B)
[0906/002736.604:WARNING:pe_image_reader.cc(340)] could not read dos header from C:\Windows\SYSTEM32\VERSION.dll
[0906/002736.604:ERROR:process_memory_win.cc(73)] ReadMemory at 0x7ff86cc10000 of 64 bytes failed: Only part of a ReadProcessMemory or WriteProcessMemory request was completed. (0x12B)
[0906/002736.604:WARNING:pe_image_reader.cc(340)] could not read dos header from C:\Windows\System32\msvcrt.dll
[0906/002736.604:ERROR:process_memory_win.cc(73)] ReadMemory at 0x7ff86aa20000 of 64 bytes failed: Only part of a ReadProcessMemory or WriteProcessMemory request was completed. (0x12B)
[0906/002736.604:WARNING:pe_image_reader.cc(340)] could not read dos header from C:\Windows\System32\bcryptPrimitives.dll
[0906/002736.604:ERROR:process_memory_win.cc(73)] ReadMemory at 0x7ff86ce40000 of 64 bytes failed: Only part of a ReadProcessMemory or WriteProcessMemory request was completed. (0x12B)
[0906/002736.604:WARNING:pe_image_reader.cc(340)] could not read dos header from C:\Windows\System32\ADVAPI32.dll
[0906/002736.604:ERROR:process_memory_win.cc(73)] ReadMemory at 0x7ff86c240000 of 64 bytes failed: Only part of a ReadProcessMemory or WriteProcessMemory request was completed. (0x12B)
[0906/002736.604:WARNING:pe_image_reader.cc(340)] could not read dos header from C:\Windows\System32\sechost.dll
[0906/002736.604:ERROR:process_memory_win.cc(73)] ReadMemory at 0x7ff86cd20000 of 64 bytes failed: Only part of a ReadProcessMemory or WriteProcessMemory request was completed. (0x12B)
[0906/002736.604:WARNING:pe_image_reader.cc(340)] could not read dos header from C:\Windows\System32\RPCRT4.dll
[0906/002736.604:ERROR:process_memory_win.cc(73)] ReadMemory at 0x7ff800900000 of 64 bytes failed: Only part of a ReadProcessMemory or WriteProcessMemory request was completed. (0x12B)
[0906/002736.604:WARNING:pe_image_reader.cc(340)] could not read dos header from C:\Program Files (x86)\Google\Chrome\Application\85.0.4183.83\chrome.dll
[0906/002736.604:ERROR:process_memory_win.cc(73)] ReadMemory at 0x7ff86ccb0000 of 64 bytes failed: Only part of a ReadProcessMemory or WriteProcessMemory request was completed. (0x12B)
[0906/002736.604:WARNING:pe_image_reader.cc(340)] could not read dos header from C:\Windows\System32\WS2_32.dll
[0906/002736.604:ERROR:process_memory_win.cc(73)] ReadMemory at 0x7ff86d830000 of 64 bytes failed: Only part of a ReadProcessMemory or WriteProcessMemory request was completed. (0x12B)
[0906/002736.604:WARNING:pe_image_reader.cc(340)] could not read dos header from C:\Windows\System32\OLEAUT32.dll
[0906/002736.604:ERROR:process_memory_win.cc(73)] ReadMemory at 0x7ff86a980000 of 64 bytes failed: Only part of a ReadProcessMemory or WriteProcessMemory request was completed. (0x12B)
[0906/002736.604:WARNING:pe_image_reader.cc(340)] could not read dos header from C:\Windows\System32\msvcp_win.dll
[0906/002736.604:ERROR:process_memory_win.cc(73)] ReadMemory at 0x7ff86abf0000 of 64 bytes failed: Only part of a ReadProcessMemory or WriteProcessMemory request was completed. (0x12B)
[0906/002736.604:WARNING:pe_image_reader.cc(340)] could not read dos header from C:\Windows\System32\ucrtbase.dll
[0906/002736.604:ERROR:process_memory_win.cc(73)] ReadMemory at 0x7ff86bad0000 of 64 bytes failed: Only part of a ReadProcessMemory or WriteProcessMemory request was completed. (0x12B)
[0906/002736.604:WARNING:pe_image_reader.cc(340)] could not read dos header from C:\Windows\System32\combase.dll
[0906/002736.604:ERROR:process_memory_win.cc(73)] ReadMemory at 0x7ff86ba50000 of 64 bytes failed: Only part of a ReadProcessMemory or WriteProcessMemory request was completed. (0x12B)
[0906/002736.604:WARNING:pe_image_reader.cc(340)] could not read dos header from C:\Windows\System32\WINTRUST.dll
[0906/002736.604:ERROR:process_memory_win.cc(73)] ReadMemory at 0x7ff86a8c0000 of 64 bytes failed: Only part of a ReadProcessMemory or WriteProcessMemory request was completed. (0x12B)
[0906/002736.604:WARNING:pe_image_reader.cc(340)] could not read dos header from C:\Windows\System32\MSASN1.dll
[0906/002736.605:ERROR:process_memory_win.cc(73)] ReadMemory at 0x7ff86aaa0000 of 64 bytes failed: Only part of a ReadProcessMemory or WriteProcessMemory request was completed. (0x12B)
[0906/002736.605:WARNING:pe_image_reader.cc(340)] could not read dos header from C:\Windows\System32\CRYPT32.dll
[0906/002736.605:ERROR:process_memory_win.cc(73)] ReadMemory at 0x7ff869dc0000 of 64 bytes failed: Only part of a ReadProcessMemory or WriteProcessMemory request was completed. (0x12B)
[0906/002736.605:WARNING:pe_image_reader.cc(340)] could not read dos header from C:\Windows\SYSTEM32\IPHLPAPI.DLL
[0906/002736.605:ERROR:process_memory_win.cc(73)] ReadMemory at 0x7ff851890000 of 64 bytes failed: Only part of a ReadProcessMemory or WriteProcessMemory request was completed. (0x12B)
[0906/002736.605:WARNING:pe_image_reader.cc(340)] could not read dos header from C:\Windows\SYSTEM32\WINMM.dll
[0906/002736.605:ERROR:process_memory_win.cc(73)] ReadMemory at 0x7ff83f450000 of 64 bytes failed: Only part of a ReadProcessMemory or WriteProcessMemory request was completed. (0x12B)
[0906/002736.605:WARNING:pe_image_reader.cc(340)] could not read dos header from C:\Windows\SYSTEM32\UIAutomationCore.DLL
[0906/002736.605:ERROR:process_memory_win.cc(73)] ReadMemory at 0x7ff8575a0000 of 64 bytes failed: Only part of a ReadProcessMemory or WriteProcessMemory request was completed. (0x12B)
[0906/002736.605:WARNING:pe_image_reader.cc(340)] could not read dos header from C:\Windows\SYSTEM32\Secur32.dll
[0906/002736.605:ERROR:process_memory_win.cc(73)] ReadMemory at 0x7ff86a7d0000 of 64 bytes failed: Only part of a ReadProcessMemory or WriteProcessMemory request was completed. (0x12B)
[0906/002736.605:WARNING:pe_image_reader.cc(340)] could not read dos header from C:\Windows\SYSTEM32\USERENV.dll
[0906/002736.605:ERROR:process_memory_win.cc(73)] ReadMemory at 0x7ff86a8e0000 of 64 bytes failed: Only part of a ReadProcessMemory or WriteProcessMemory request was completed. (0x12B)
[0906/002736.605:WARNING:pe_image_reader.cc(340)] could not read dos header from C:\Windows\System32\profapi.dll
[0906/002736.605:ERROR:process_memory_win.cc(73)] ReadMemory at 0x7ff84fce0000 of 64 bytes failed: Only part of a ReadProcessMemory or WriteProcessMemory request was completed. (0x12B)
[0906/002736.605:WARNING:pe_image_reader.cc(340)] could not read dos header from C:\Windows\SYSTEM32\DWrite.dll
[0906/002736.605:ERROR:process_memory_win.cc(73)] ReadMemory at 0x7ff83ef20000 of 64 bytes failed: Only part of a ReadProcessMemory or WriteProcessMemory request was completed. (0x12B)
[0906/002736.605:WARNING:pe_image_reader.cc(340)] could not read dos header from C:\Windows\SYSTEM32\WINSPOOL.DRV
[0906/002736.605:ERROR:process_memory_win.cc(73)] ReadMemory at 0x7ff86a910000 of 64 bytes failed: Only part of a ReadProcessMemory or WriteProcessMemory request was completed. (0x12B)
[0906/002736.605:WARNING:pe_image_reader.cc(340)] could not read dos header from C:\Windows\System32\kernel.appcore.dll
[0906/002736.605:ERROR:process_memory_win.cc(73)] ReadMemory at 0x7ff86acf0000 of 64 bytes failed: Only part of a ReadProcessMemory or WriteProcessMemory request was completed. (0x12B)
[0906/002736.605:WARNING:pe_image_reader.cc(340)] could not read dos header from C:\Windows\System32\bcrypt.dll
[0906/002736.605:ERROR:process_memory_win.cc(73)] ReadMemory at 0x7ff866170000 of 64 bytes failed: Only part of a ReadProcessMemory or WriteProcessMemory request was completed. (0x12B)
[0906/002736.605:WARNING:pe_image_reader.cc(340)] could not read dos header from C:\Windows\SYSTEM32\dbghelp.dll
[0906/002736.605:ERROR:process_memory_win.cc(73)] ReadMemory at 0x7ff85fd90000 of 64 bytes failed: Only part of a ReadProcessMemory or WriteProcessMemory request was completed. (0x12B)
[0906/002736.605:WARNING:pe_image_reader.cc(340)] could not read dos header from C:\Windows\SYSTEM32\WINHTTP.dll
[0906/002736.605:ERROR:process_memory_win.cc(73)] ReadMemory at 0x7ff85f7c0000 of 64 bytes failed: Only part of a ReadProcessMemory or WriteProcessMemory request was completed. (0x12B)
[0906/002736.605:WARNING:pe_image_reader.cc(340)] could not read dos header from C:\Windows\SYSTEM32\dhcpcsvc.DLL
[0906/002736.605:ERROR:process_memory_win.cc(73)] ReadMemory at 0x7ff86c4b0000 of 64 bytes failed: Only part of a ReadProcessMemory or WriteProcessMemory request was completed. (0x12B)
[0906/002736.605:WARNING:pe_image_reader.cc(340)] could not read dos header from C:\Windows\System32\NSI.dll
[0906/002736.605:ERROR:process_memory_win.cc(73)] ReadMemory at 0x7ff85b8a0000 of 64 bytes failed: Only part of a ReadProcessMemory or WriteProcessMemory request was completed. (0x12B)
[0906/002736.605:WARNING:pe_image_reader.cc(340)] could not read dos header from C:\Windows\SYSTEM32\WINMMBASE.dll
[0906/002736.605:ERROR:process_memory_win.cc(73)] ReadMemory at 0x7ff86b6a0000 of 64 bytes failed: Only part of a ReadProcessMemory or WriteProcessMemory request was completed. (0x12B)
[0906/002736.605:WARNING:pe_image_reader.cc(340)] could not read dos header from C:\Windows\System32\cfgmgr32.dll
[0906/002736.605:ERROR:process_memory_win.cc(73)] ReadMemory at 0x7ff863eb0000 of 64 bytes failed: Only part of a ReadProcessMemory or WriteProcessMemory request was completed. (0x12B)
[0906/002736.605:WARNING:pe_image_reader.cc(340)] could not read dos header from C:\Windows\SYSTEM32\PROPSYS.dll
[0906/002736.605:ERROR:process_memory_win.cc(73)] ReadMemory at 0x7ff86be90000 of 64 bytes failed: Only part of a ReadProcessMemory or WriteProcessMemory request was completed. (0x12B)
[0906/002736.605:WARNING:pe_image_reader.cc(340)] could not read dos header from C:\Windows\System32\shcore.dll
[0906/002736.605:ERROR:process_memory_win.cc(73)] ReadMemory at 0x7ff86a7a0000 of 64 bytes failed: Only part of a ReadProcessMemory or WriteProcessMemory request was completed. (0x12B)
[0906/002736.605:WARNING:pe_image_reader.cc(340)] could not read dos header from C:\Windows\SYSTEM32\SSPICLI.DLL
[0906/002736.605:ERROR:process_memory_win.cc(73)] ReadMemory at 0x7ff86c520000 of 64 bytes failed: Only part of a ReadProcessMemory or WriteProcessMemory request was completed. (0x12B)
[0906/002736.605:WARNING:pe_image_reader.cc(340)] could not read dos header from C:\Windows\System32\SHELL32.dll
[0906/002736.605:ERROR:process_memory_win.cc(73)] ReadMemory at 0x7ff86af10000 of 64 bytes failed: Only part of a ReadProcessMemory or WriteProcessMemory request was completed. (0x12B)
[0906/002736.605:WARNING:pe_image_reader.cc(340)] could not read dos header from C:\Windows\System32\windows.storage.dll
[0906/002736.605:ERROR:process_memory_win.cc(73)] ReadMemory at 0x7ff86a930000 of 64 bytes failed: Only part of a ReadProcessMemory or WriteProcessMemory request was completed. (0x12B)
[0906/002736.605:WARNING:pe_image_reader.cc(340)] could not read dos header from C:\Windows\System32\powrprof.dll
[0906/002736.605:ERROR:process_memory_win.cc(73)] ReadMemory at 0x7ff86a8b0000 of 64 bytes failed: Only part of a ReadProcessMemory or WriteProcessMemory request was completed. (0x12B)
[0906/002736.605:WARNING:pe_image_reader.cc(340)] could not read dos header from C:\Windows\System32\UMPDC.dll
[0906/002736.605:ERROR:process_memory_win.cc(73)] ReadMemory at 0x7ff86d7d0000 of 64 bytes failed: Only part of a ReadProcessMemory or WriteProcessMemory request was completed. (0x12B)
[0906/002736.605:WARNING:pe_image_reader.cc(340)] could not read dos header from C:\Windows\System32\shlwapi.dll
[0906/002736.605:ERROR:process_memory_win.cc(73)] ReadMemory at 0x7ff86d330000 of 64 bytes failed: Only part of a ReadProcessMemory or WriteProcessMemory request was completed. (0x12B)
[0906/002736.605:WARNING:pe_image_reader.cc(340)] could not read dos header from C:\Windows\System32\GDI32.dll
[0906/002736.605:ERROR:process_memory_win.cc(73)] ReadMemory at 0x7ff86aee0000 of 64 bytes failed: Only part of a ReadProcessMemory or WriteProcessMemory request was completed. (0x12B)
[0906/002736.605:WARNING:pe_image_reader.cc(340)] could not read dos header from C:\Windows\System32\win32u.dll
[0906/002736.605:ERROR:process_memory_win.cc(73)] ReadMemory at 0x7ff86ad20000 of 64 bytes failed: Only part of a ReadProcessMemory or WriteProcessMemory request was completed. (0x12B)
[0906/002736.605:WARNING:pe_image_reader.cc(340)] could not read dos header from C:\Windows\System32\gdi32full.dll
[0906/002736.605:ERROR:process_memory_win.cc(73)] ReadMemory at 0x7ff86bfb0000 of 64 bytes failed: Only part of a ReadProcessMemory or WriteProcessMemory request was completed. (0x12B)
[0906/002736.605:WARNING:pe_image_reader.cc(340)] could not read dos header from C:\Windows\System32\USER32.dll
[0906/002736.605:ERROR:process_memory_win.cc(73)] ReadMemory at 0x7ff86aec0000 of 64 bytes failed: Only part of a ReadProcessMemory or WriteProcessMemory request was completed. (0x12B)
[0906/002736.605:WARNING:pe_image_reader.cc(340)] could not read dos header from C:\Windows\System32\cryptsp.dll
[0906/002736.606:ERROR:process_memory_win.cc(73)] ReadMemory at 0x7ff86c480000 of 64 bytes failed: Only part of a ReadProcessMemory or WriteProcessMemory request was completed. (0x12B)
[0906/002736.606:WARNING:pe_image_reader.cc(340)] could not read dos header from C:\Windows\System32\IMM32.DLL
[0906/002736.606:ERROR:process_memory_win.cc(73)] ReadMemory at 0x7ff86a280000 of 64 bytes failed: Only part of a ReadProcessMemory or WriteProcessMemory request was completed. (0x12B)
[0906/002736.606:WARNING:pe_image_reader.cc(340)] could not read dos header from C:\Windows\SYSTEM32\CRYPTBASE.DLL
[0906/002736.613:ERROR:process_memory_win.cc(73)] ReadMemory at 0x7ff7bb720000 of 64 bytes failed: Only part of a ReadProcessMemory or WriteProcessMemory request was completed. (0x12B)
[0906/002736.613:WARNING:pe_image_reader.cc(340)] could not read dos header from C:\Program Files (x86)\Google\Chrome\Application\chrome.exe
[0906/002736.613:ERROR:process_memory_win.cc(73)] ReadMemory at 0x7ff86da00000 of 64 bytes failed: Only part of a ReadProcessMemory or WriteProcessMemory request was completed. (0x12B)
[0906/002736.613:WARNING:pe_image_reader.cc(340)] could not read dos header from C:\Windows\SYSTEM32\ntdll.dll
[0906/002736.613:ERROR:process_memory_win.cc(73)] ReadMemory at 0x7ff86d900000 of 64 bytes failed: Only part of a ReadProcessMemory or WriteProcessMemory request was completed. (0x12B)
[0906/002736.613:WARNING:pe_image_reader.cc(340)] could not read dos header from C:\Windows\System32\KERNEL32.DLL
[0906/002736.613:ERROR:process_memory_win.cc(73)] ReadMemory at 0x7ff86b7a0000 of 64 bytes failed: Only part of a ReadProcessMemory or WriteProcessMemory request was completed. (0x12B)
[0906/002736.613:WARNING:pe_image_reader.cc(340)] could not read dos header from C:\Windows\System32\KERNELBASE.dll
[0906/002736.613:ERROR:process_memory_win.cc(73)] ReadMemory at 0x7ff838750000 of 64 bytes failed: Only part of a ReadProcessMemory or WriteProcessMemory request was completed. (0x12B)
[0906/002736.613:WARNING:pe_image_reader.cc(340)] could not read dos header from C:\Program Files (x86)\Google\Chrome\Application\85.0.4183.83\chrome_elf.dll
[0906/002736.613:ERROR:process_memory_win.cc(73)] ReadMemory at 0x7ff862470000 of 64 bytes failed: Only part of a ReadProcessMemory or WriteProcessMemory request was completed. (0x12B)
[0906/002736.613:WARNING:pe_image_reader.cc(340)] could not read dos header from C:\Windows\SYSTEM32\VERSION.dll
[0906/002736.613:ERROR:process_memory_win.cc(73)] ReadMemory at 0x7ff86cc10000 of 64 bytes failed: Only part of a ReadProcessMemory or WriteProcessMemory request was completed. (0x12B)
[0906/002736.613:WARNING:pe_image_reader.cc(340)] could not read dos header from C:\Windows\System32\msvcrt.dll
[0906/002736.613:ERROR:process_memory_win.cc(73)] ReadMemory at 0x7ff86aa20000 of 64 bytes failed: Only part of a ReadProcessMemory or WriteProcessMemory request was completed. (0x12B)
[0906/002736.613:WARNING:pe_image_reader.cc(340)] could not read dos header from C:\Windows\System32\bcryptPrimitives.dll
[0906/002736.613:ERROR:process_memory_win.cc(73)] ReadMemory at 0x7ff86ce40000 of 64 bytes failed: Only part of a ReadProcessMemory or WriteProcessMemory request was completed. (0x12B)
[0906/002736.613:WARNING:pe_image_reader.cc(340)] could not read dos header from C:\Windows\System32\ADVAPI32.dll
[0906/002736.613:ERROR:process_memory_win.cc(73)] ReadMemory at 0x7ff86c240000 of 64 bytes failed: Only part of a ReadProcessMemory or WriteProcessMemory request was completed. (0x12B)
[0906/002736.613:WARNING:pe_image_reader.cc(340)] could not read dos header from C:\Windows\System32\sechost.dll
[0906/002736.613:ERROR:process_memory_win.cc(73)] ReadMemory at 0x7ff86cd20000 of 64 bytes failed: Only part of a ReadProcessMemory or WriteProcessMemory request was completed. (0x12B)
[0906/002736.613:WARNING:pe_image_reader.cc(340)] could not read dos header from C:\Windows\System32\RPCRT4.dll
[0906/002736.613:ERROR:process_memory_win.cc(73)] ReadMemory at 0x7ff800900000 of 64 bytes failed: Only part of a ReadProcessMemory or WriteProcessMemory request was completed. (0x12B)
[0906/002736.613:WARNING:pe_image_reader.cc(340)] could not read dos header from C:\Program Files (x86)\Google\Chrome\Application\85.0.4183.83\chrome.dll
[0906/002736.613:ERROR:process_memory_win.cc(73)] ReadMemory at 0x7ff86ccb0000 of 64 bytes failed: Only part of a ReadProcessMemory or WriteProcessMemory request was completed. (0x12B)
[0906/002736.613:WARNING:pe_image_reader.cc(340)] could not read dos header from C:\Windows\System32\WS2_32.dll
[0906/002736.613:ERROR:process_memory_win.cc(73)] ReadMemory at 0x7ff86d830000 of 64 bytes failed: Only part of a ReadProcessMemory or WriteProcessMemory request was completed. (0x12B)
[0906/002736.613:WARNING:pe_image_reader.cc(340)] could not read dos header from C:\Windows\System32\OLEAUT32.dll
[0906/002736.614:ERROR:process_memory_win.cc(73)] ReadMemory at 0x7ff86a980000 of 64 bytes failed: Only part of a ReadProcessMemory or WriteProcessMemory request was completed. (0x12B)
[0906/002736.614:WARNING:pe_image_reader.cc(340)] could not read dos header from C:\Windows\System32\msvcp_win.dll
[0906/002736.614:ERROR:process_memory_win.cc(73)] ReadMemory at 0x7ff86abf0000 of 64 bytes failed: Only part of a ReadProcessMemory or WriteProcessMemory request was completed. (0x12B)
[0906/002736.614:WARNING:pe_image_reader.cc(340)] could not read dos header from C:\Windows\System32\ucrtbase.dll
[0906/002736.614:ERROR:process_memory_win.cc(73)] ReadMemory at 0x7ff86bad0000 of 64 bytes failed: Only part of a ReadProcessMemory or WriteProcessMemory request was completed. (0x12B)
[0906/002736.614:WARNING:pe_image_reader.cc(340)] could not read dos header from C:\Windows\System32\combase.dll
[0906/002736.614:ERROR:process_memory_win.cc(73)] ReadMemory at 0x7ff86ba50000 of 64 bytes failed: Only part of a ReadProcessMemory or WriteProcessMemory request was completed. (0x12B)
[0906/002736.614:WARNING:pe_image_reader.cc(340)] could not read dos header from C:\Windows\System32\WINTRUST.dll
[0906/002736.614:ERROR:process_memory_win.cc(73)] ReadMemory at 0x7ff86a8c0000 of 64 bytes failed: Only part of a ReadProcessMemory or WriteProcessMemory request was completed. (0x12B)
[0906/002736.614:WARNING:pe_image_reader.cc(340)] could not read dos header from C:\Windows\System32\MSASN1.dll
[0906/002736.614:ERROR:process_memory_win.cc(73)] ReadMemory at 0x7ff86aaa0000 of 64 bytes failed: Only part of a ReadProcessMemory or WriteProcessMemory request was completed. (0x12B)
[0906/002736.614:WARNING:pe_image_reader.cc(340)] could not read dos header from C:\Windows\System32\CRYPT32.dll
[0906/002736.614:ERROR:process_memory_win.cc(73)] ReadMemory at 0x7ff869dc0000 of 64 bytes failed: Only part of a ReadProcessMemory or WriteProcessMemory request was completed. (0x12B)
[0906/002736.614:WARNING:pe_image_reader.cc(340)] could not read dos header from C:\Windows\SYSTEM32\IPHLPAPI.DLL
[0906/002736.614:ERROR:process_memory_win.cc(73)] ReadMemory at 0x7ff851890000 of 64 bytes failed: Only part of a ReadProcessMemory or WriteProcessMemory request was completed. (0x12B)
[0906/002736.614:WARNING:pe_image_reader.cc(340)] could not read dos header from C:\Windows\SYSTEM32\WINMM.dll
[0906/002736.614:ERROR:process_memory_win.cc(73)] ReadMemory at 0x7ff83f450000 of 64 bytes failed: Only part of a ReadProcessMemory or WriteProcessMemory request was completed. (0x12B)
[0906/002736.614:WARNING:pe_image_reader.cc(340)] could not read dos header from C:\Windows\SYSTEM32\UIAutomationCore.DLL
[0906/002736.614:ERROR:process_memory_win.cc(73)] ReadMemory at 0x7ff8575a0000 of 64 bytes failed: Only part of a ReadProcessMemory or WriteProcessMemory request was completed. (0x12B)
[0906/002736.614:WARNING:pe_image_reader.cc(340)] could not read dos header from C:\Windows\SYSTEM32\Secur32.dll
[0906/002736.614:ERROR:process_memory_win.cc(73)] ReadMemory at 0x7ff86a7d0000 of 64 bytes failed: Only part of a ReadProcessMemory or WriteProcessMemory request was completed. (0x12B)
[0906/002736.614:WARNING:pe_image_reader.cc(340)] could not read dos header from C:\Windows\SYSTEM32\USERENV.dll
[0906/002736.614:ERROR:process_memory_win.cc(73)] ReadMemory at 0x7ff86a8e0000 of 64 bytes failed: Only part of a ReadProcessMemory or WriteProcessMemory request was completed. (0x12B)
[0906/002736.614:WARNING:pe_image_reader.cc(340)] could not read dos header from C:\Windows\System32\profapi.dll
[0906/002736.614:ERROR:process_memory_win.cc(73)] ReadMemory at 0x7ff84fce0000 of 64 bytes failed: Only part of a ReadProcessMemory or WriteProcessMemory request was completed. (0x12B)
[0906/002736.614:WARNING:pe_image_reader.cc(340)] could not read dos header from C:\Windows\SYSTEM32\DWrite.dll
[0906/002736.614:ERROR:process_memory_win.cc(73)] ReadMemory at 0x7ff83ef20000 of 64 bytes failed: Only part of a ReadProcessMemory or WriteProcessMemory request was completed. (0x12B)
[0906/002736.614:WARNING:pe_image_reader.cc(340)] could not read dos header from C:\Windows\SYSTEM32\WINSPOOL.DRV
[0906/002736.614:ERROR:process_memory_win.cc(73)] ReadMemory at 0x7ff86a910000 of 64 bytes failed: Only part of a ReadProcessMemory or WriteProcessMemory request was completed. (0x12B)
[0906/002736.614:WARNING:pe_image_reader.cc(340)] could not read dos header from C:\Windows\System32\kernel.appcore.dll
[0906/002736.614:ERROR:process_memory_win.cc(73)] ReadMemory at 0x7ff86acf0000 of 64 bytes failed: Only part of a ReadProcessMemory or WriteProcessMemory request was completed. (0x12B)
[0906/002736.614:WARNING:pe_image_reader.cc(340)] could not read dos header from C:\Windows\System32\bcrypt.dll
[0906/002736.614:ERROR:process_memory_win.cc(73)] ReadMemory at 0x7ff866170000 of 64 bytes failed: Only part of a ReadProcessMemory or WriteProcessMemory request was completed. (0x12B)
[0906/002736.614:WARNING:pe_image_reader.cc(340)] could not read dos header from C:\Windows\SYSTEM32\dbghelp.dll
[0906/002736.615:ERROR:process_memory_win.cc(73)] ReadMemory at 0x7ff85fd90000 of 64 bytes failed: Only part of a ReadProcessMemory or WriteProcessMemory request was completed. (0x12B)
[0906/002736.615:WARNING:pe_image_reader.cc(340)] could not read dos header from C:\Windows\SYSTEM32\WINHTTP.dll
[0906/002736.615:ERROR:process_memory_win.cc(73)] ReadMemory at 0x7ff85f7c0000 of 64 bytes failed: Only part of a ReadProcessMemory or WriteProcessMemory request was completed. (0x12B)
[0906/002736.615:WARNING:pe_image_reader.cc(340)] could not read dos header from C:\Windows\SYSTEM32\dhcpcsvc.DLL
[0906/002736.615:ERROR:process_memory_win.cc(73)] ReadMemory at 0x7ff86c4b0000 of 64 bytes failed: Only part of a ReadProcessMemory or WriteProcessMemory request was completed. (0x12B)
[0906/002736.615:WARNING:pe_image_reader.cc(340)] could not read dos header from C:\Windows\System32\NSI.dll
[0906/002736.615:ERROR:process_memory_win.cc(73)] ReadMemory at 0x7ff85b8a0000 of 64 bytes failed: Only part of a ReadProcessMemory or WriteProcessMemory request was completed. (0x12B)
[0906/002736.615:WARNING:pe_image_reader.cc(340)] could not read dos header from C:\Windows\SYSTEM32\WINMMBASE.dll
[0906/002736.615:ERROR:process_memory_win.cc(73)] ReadMemory at 0x7ff86b6a0000 of 64 bytes failed: Only part of a ReadProcessMemory or WriteProcessMemory request was completed. (0x12B)
[0906/002736.615:WARNING:pe_image_reader.cc(340)] could not read dos header from C:\Windows\System32\cfgmgr32.dll
[0906/002736.615:ERROR:process_memory_win.cc(73)] ReadMemory at 0x7ff863eb0000 of 64 bytes failed: Only part of a ReadProcessMemory or WriteProcessMemory request was completed. (0x12B)
[0906/002736.615:WARNING:pe_image_reader.cc(340)] could not read dos header from C:\Windows\SYSTEM32\PROPSYS.dll
[0906/002736.615:ERROR:process_memory_win.cc(73)] ReadMemory at 0x7ff86be90000 of 64 bytes failed: Only part of a ReadProcessMemory or WriteProcessMemory request was completed. (0x12B)
[0906/002736.615:WARNING:pe_image_reader.cc(340)] could not read dos header from C:\Windows\System32\shcore.dll
[0906/002736.615:ERROR:process_memory_win.cc(73)] ReadMemory at 0x7ff86a7a0000 of 64 bytes failed: Only part of a ReadProcessMemory or WriteProcessMemory request was completed. (0x12B)
[0906/002736.615:WARNING:pe_image_reader.cc(340)] could not read dos header from C:\Windows\SYSTEM32\SSPICLI.DLL
[0906/002736.615:ERROR:process_memory_win.cc(73)] ReadMemory at 0x7ff86c520000 of 64 bytes failed: Only part of a ReadProcessMemory or WriteProcessMemory request was completed. (0x12B)
[0906/002736.615:WARNING:pe_image_reader.cc(340)] could not read dos header from C:\Windows\System32\SHELL32.dll
[0906/002736.615:ERROR:process_memory_win.cc(73)] ReadMemory at 0x7ff86af10000 of 64 bytes failed: Only part of a ReadProcessMemory or WriteProcessMemory request was completed. (0x12B)
[0906/002736.615:WARNING:pe_image_reader.cc(340)] could not read dos header from C:\Windows\System32\windows.storage.dll
[0906/002736.615:ERROR:process_memory_win.cc(73)] ReadMemory at 0x7ff86a930000 of 64 bytes failed: Only part of a ReadProcessMemory or WriteProcessMemory request was completed. (0x12B)
[0906/002736.615:WARNING:pe_image_reader.cc(340)] could not read dos header from C:\Windows\System32\powrprof.dll
[0906/002736.615:ERROR:process_memory_win.cc(73)] ReadMemory at 0x7ff86a8b0000 of 64 bytes failed: Only part of a ReadProcessMemory or WriteProcessMemory request was completed. (0x12B)
[0906/002736.615:WARNING:pe_image_reader.cc(340)] could not read dos header from C:\Windows\System32\UMPDC.dll
[0906/002736.615:ERROR:process_memory_win.cc(73)] ReadMemory at 0x7ff86d7d0000 of 64 bytes failed: Only part of a ReadProcessMemory or WriteProcessMemory request was completed. (0x12B)
[0906/002736.615:WARNING:pe_image_reader.cc(340)] could not read dos header from C:\Windows\System32\shlwapi.dll
[0906/002736.615:ERROR:process_memory_win.cc(73)] ReadMemory at 0x7ff86d330000 of 64 bytes failed: Only part of a ReadProcessMemory or WriteProcessMemory request was completed. (0x12B)
[0906/002736.615:WARNING:pe_image_reader.cc(340)] could not read dos header from C:\Windows\System32\GDI32.dll
[0906/002736.615:ERROR:process_memory_win.cc(73)] ReadMemory at 0x7ff86aee0000 of 64 bytes failed: Only part of a ReadProcessMemory or WriteProcessMemory request was completed. (0x12B)
[0906/002736.615:WARNING:pe_image_reader.cc(340)] could not read dos header from C:\Windows\System32\win32u.dll
[0906/002736.615:ERROR:process_memory_win.cc(73)] ReadMemory at 0x7ff86ad20000 of 64 bytes failed: Only part of a ReadProcessMemory or WriteProcessMemory request was completed. (0x12B)
[0906/002736.615:WARNING:pe_image_reader.cc(340)] could not read dos header from C:\Windows\System32\gdi32full.dll
[0906/002736.615:ERROR:process_memory_win.cc(73)] ReadMemory at 0x7ff86bfb0000 of 64 bytes failed: Only part of a ReadProcessMemory or WriteProcessMemory request was completed. (0x12B)
[0906/002736.615:WARNING:pe_image_reader.cc(340)] could not read dos header from C:\Windows\System32\USER32.dll
[0906/002736.615:ERROR:process_memory_win.cc(73)] ReadMemory at 0x7ff86aec0000 of 64 bytes failed: Only part of a ReadProcessMemory or WriteProcessMemory request was completed. (0x12B)
[0906/002736.616:WARNING:pe_image_reader.cc(340)] could not read dos header from C:\Windows\System32\cryptsp.dll
[0906/002736.616:ERROR:process_memory_win.cc(73)] ReadMemory at 0x7ff86c480000 of 64 bytes failed: Only part of a ReadProcessMemory or WriteProcessMemory request was completed. (0x12B)
[0906/002736.616:WARNING:pe_image_reader.cc(340)] could not read dos header from C:\Windows\System32\IMM32.DLL
[0906/002736.616:ERROR:process_memory_win.cc(73)] ReadMemory at 0x7ff86a280000 of 64 bytes failed: Only part of a ReadProcessMemory or WriteProcessMemory request was completed. (0x12B)
[0906/002736.616:WARNING:pe_image_reader.cc(340)] could not read dos header from C:\Windows\SYSTEM32\CRYPTBASE.DLL
[0906/002736.616:ERROR:process_memory_win.cc(73)] ReadMemory at 0x7ff7bb720000 of 64 bytes failed: Only part of a ReadProcessMemory or WriteProcessMemory request was completed. (0x12B)
[0906/002736.616:WARNING:pe_image_reader.cc(340)] could not read dos header from C:\Program Files (x86)\Google\Chrome\Application\chrome.exe
[0906/002736.616:ERROR:process_memory_win.cc(73)] ReadMemory at 0x7ff86da00000 of 64 bytes failed: Only part of a ReadProcessMemory or WriteProcessMemory request was completed. (0x12B)
[0906/002736.616:WARNING:pe_image_reader.cc(340)] could not read dos header from C:\Windows\SYSTEM32\ntdll.dll
[0906/002736.616:ERROR:process_memory_win.cc(73)] ReadMemory at 0x7ff86d900000 of 64 bytes failed: Only part of a ReadProcessMemory or WriteProcessMemory request was completed. (0x12B)
[0906/002736.616:WARNING:pe_image_reader.cc(340)] could not read dos header from C:\Windows\System32\KERNEL32.DLL
[0906/002736.616:ERROR:process_memory_win.cc(73)] ReadMemory at 0x7ff86b7a0000 of 64 bytes failed: Only part of a ReadProcessMemory or WriteProcessMemory request was completed. (0x12B)
[0906/002736.616:WARNING:pe_image_reader.cc(340)] could not read dos header from C:\Windows\System32\KERNELBASE.dll
[0906/002736.616:ERROR:process_memory_win.cc(73)] ReadMemory at 0x7ff838750000 of 64 bytes failed: Only part of a ReadProcessMemory or WriteProcessMemory request was completed. (0x12B)
[0906/002736.616:WARNING:pe_image_reader.cc(340)] could not read dos header from C:\Program Files (x86)\Google\Chrome\Application\85.0.4183.83\chrome_elf.dll
[0906/002736.616:ERROR:process_memory_win.cc(73)] ReadMemory at 0x7ff862470000 of 64 bytes failed: Only part of a ReadProcessMemory or WriteProcessMemory request was completed. (0x12B)
[0906/002736.616:WARNING:pe_image_reader.cc(340)] could not read dos header from C:\Windows\SYSTEM32\VERSION.dll
[0906/002736.616:ERROR:process_memory_win.cc(73)] ReadMemory at 0x7ff86cc10000 of 64 bytes failed: Only part of a ReadProcessMemory or WriteProcessMemory request was completed. (0x12B)
[0906/002736.616:WARNING:pe_image_reader.cc(340)] could not read dos header from C:\Windows\System32\msvcrt.dll
[0906/002736.616:ERROR:process_memory_win.cc(73)] ReadMemory at 0x7ff86aa20000 of 64 bytes failed: Only part of a ReadProcessMemory or WriteProcessMemory request was completed. (0x12B)
[0906/002736.616:WARNING:pe_image_reader.cc(340)] could not read dos header from C:\Windows\System32\bcryptPrimitives.dll
[0906/002736.616:ERROR:process_memory_win.cc(73)] ReadMemory at 0x7ff86ce40000 of 64 bytes failed: Only part of a ReadProcessMemory or WriteProcessMemory request was completed. (0x12B)
[0906/002736.616:WARNING:pe_image_reader.cc(340)] could not read dos header from C:\Windows\System32\ADVAPI32.dll
[0906/002736.616:ERROR:process_memory_win.cc(73)] ReadMemory at 0x7ff86c240000 of 64 bytes failed: Only part of a ReadProcessMemory or WriteProcessMemory request was completed. (0x12B)
[0906/002736.616:WARNING:pe_image_reader.cc(340)] could not read dos header from C:\Windows\System32\sechost.dll
[0906/002736.616:ERROR:process_memory_win.cc(73)] ReadMemory at 0x7ff86cd20000 of 64 bytes failed: Only part of a ReadProcessMemory or WriteProcessMemory request was completed. (0x12B)
[0906/002736.616:WARNING:pe_image_reader.cc(340)] could not read dos header from C:\Windows\System32\RPCRT4.dll
[0906/002736.616:ERROR:process_memory_win.cc(73)] ReadMemory at 0x7ff800900000 of 64 bytes failed: Only part of a ReadProcessMemory or WriteProcessMemory request was completed. (0x12B)
[0906/002736.616:WARNING:pe_image_reader.cc(340)] could not read dos header from C:\Program Files (x86)\Google\Chrome\Application\85.0.4183.83\chrome.dll
[0906/002736.616:ERROR:process_memory_win.cc(73)] ReadMemory at 0x7ff86ccb0000 of 64 bytes failed: Only part of a ReadProcessMemory or WriteProcessMemory request was completed. (0x12B)
[0906/002736.616:WARNING:pe_image_reader.cc(340)] could not read dos header from C:\Windows\System32\WS2_32.dll
[0906/002736.616:ERROR:process_memory_win.cc(73)] ReadMemory at 0x7ff86d830000 of 64 bytes failed: Only part of a ReadProcessMemory or WriteProcessMemory request was completed. (0x12B)
[0906/002736.616:WARNING:pe_image_reader.cc(340)] could not read dos header from C:\Windows\System32\OLEAUT32.dll
[0906/002736.616:ERROR:process_memory_win.cc(73)] ReadMemory at 0x7ff86a980000 of 64 bytes failed: Only part of a ReadProcessMemory or WriteProcessMemory request was completed. (0x12B)
[0906/002736.616:WARNING:pe_image_reader.cc(340)] could not read dos header from C:\Windows\System32\msvcp_win.dll
[0906/002736.616:ERROR:process_memory_win.cc(73)] ReadMemory at 0x7ff86abf0000 of 64 bytes failed: Only part of a ReadProcessMemory or WriteProcessMemory request was completed. (0x12B)
[0906/002736.616:WARNING:pe_image_reader.cc(340)] could not read dos header from C:\Windows\System32\ucrtbase.dll
[0906/002736.616:ERROR:process_memory_win.cc(73)] ReadMemory at 0x7ff86bad0000 of 64 bytes failed: Only part of a ReadProcessMemory or WriteProcessMemory request was completed. (0x12B)
[0906/002736.616:WARNING:pe_image_reader.cc(340)] could not read dos header from C:\Windows\System32\combase.dll
[0906/002736.616:ERROR:process_memory_win.cc(73)] ReadMemory at 0x7ff86ba50000 of 64 bytes failed: Only part of a ReadProcessMemory or WriteProcessMemory request was completed. (0x12B)
[0906/002736.616:WARNING:pe_image_reader.cc(340)] could not read dos header from C:\Windows\System32\WINTRUST.dll
[0906/002736.616:ERROR:process_memory_win.cc(73)] ReadMemory at 0x7ff86a8c0000 of 64 bytes failed: Only part of a ReadProcessMemory or WriteProcessMemory request was completed. (0x12B)
[0906/002736.616:WARNING:pe_image_reader.cc(340)] could not read dos header from C:\Windows\System32\MSASN1.dll
[0906/002736.616:ERROR:process_memory_win.cc(73)] ReadMemory at 0x7ff86aaa0000 of 64 bytes failed: Only part of a ReadProcessMemory or WriteProcessMemory request was completed. (0x12B)
[0906/002736.616:WARNING:pe_image_reader.cc(340)] could not read dos header from C:\Windows\System32\CRYPT32.dll
[0906/002736.616:ERROR:process_memory_win.cc(73)] ReadMemory at 0x7ff869dc0000 of 64 bytes failed: Only part of a ReadProcessMemory or WriteProcessMemory request was completed. (0x12B)
[0906/002736.616:WARNING:pe_image_reader.cc(340)] could not read dos header from C:\Windows\SYSTEM32\IPHLPAPI.DLL
[0906/002736.617:ERROR:process_memory_win.cc(73)] ReadMemory at 0x7ff851890000 of 64 bytes failed: Only part of a ReadProcessMemory or WriteProcessMemory request was completed. (0x12B)
[0906/002736.617:WARNING:pe_image_reader.cc(340)] could not read dos header from C:\Windows\SYSTEM32\WINMM.dll
[0906/002736.617:ERROR:process_memory_win.cc(73)] ReadMemory at 0x7ff83f450000 of 64 bytes failed: Only part of a ReadProcessMemory or WriteProcessMemory request was completed. (0x12B)
[0906/002736.617:WARNING:pe_image_reader.cc(340)] could not read dos header from C:\Windows\SYSTEM32\UIAutomationCore.DLL
[0906/002736.617:ERROR:process_memory_win.cc(73)] ReadMemory at 0x7ff8575a0000 of 64 bytes failed: Only part of a ReadProcessMemory or WriteProcessMemory request was completed. (0x12B)
[0906/002736.617:WARNING:pe_image_reader.cc(340)] could not read dos header from C:\Windows\SYSTEM32\Secur32.dll
[0906/002736.617:ERROR:process_memory_win.cc(73)] ReadMemory at 0x7ff86a7d0000 of 64 bytes failed: Only part of a ReadProcessMemory or WriteProcessMemory request was completed. (0x12B)
[0906/002736.617:WARNING:pe_image_reader.cc(340)] could not read dos header from C:\Windows\SYSTEM32\USERENV.dll
[0906/002736.617:ERROR:process_memory_win.cc(73)] ReadMemory at 0x7ff86a8e0000 of 64 bytes failed: Only part of a ReadProcessMemory or WriteProcessMemory request was completed. (0x12B)
[0906/002736.617:WARNING:pe_image_reader.cc(340)] could not read dos header from C:\Windows\System32\profapi.dll
[0906/002736.617:ERROR:process_memory_win.cc(73)] ReadMemory at 0x7ff84fce0000 of 64 bytes failed: Only part of a ReadProcessMemory or WriteProcessMemory request was completed. (0x12B)
[0906/002736.617:WARNING:pe_image_reader.cc(340)] could not read dos header from C:\Windows\SYSTEM32\DWrite.dll
[0906/002736.617:ERROR:process_memory_win.cc(73)] ReadMemory at 0x7ff83ef20000 of 64 bytes failed: Only part of a ReadProcessMemory or WriteProcessMemory request was completed. (0x12B)
[0906/002736.617:WARNING:pe_image_reader.cc(340)] could not read dos header from C:\Windows\SYSTEM32\WINSPOOL.DRV
[0906/002736.617:ERROR:process_memory_win.cc(73)] ReadMemory at 0x7ff86a910000 of 64 bytes failed: Only part of a ReadProcessMemory or WriteProcessMemory request was completed. (0x12B)
[0906/002736.617:WARNING:pe_image_reader.cc(340)] could not read dos header from C:\Windows\System32\kernel.appcore.dll
[0906/002736.617:ERROR:process_memory_win.cc(73)] ReadMemory at 0x7ff86acf0000 of 64 bytes failed: Only part of a ReadProcessMemory or WriteProcessMemory request was completed. (0x12B)
[0906/002736.617:WARNING:pe_image_reader.cc(340)] could not read dos header from C:\Windows\System32\bcrypt.dll
[0906/002736.617:ERROR:process_memory_win.cc(73)] ReadMemory at 0x7ff866170000 of 64 bytes failed: Only part of a ReadProcessMemory or WriteProcessMemory request was completed. (0x12B)
[0906/002736.617:WARNING:pe_image_reader.cc(340)] could not read dos header from C:\Windows\SYSTEM32\dbghelp.dll
[0906/002736.617:ERROR:process_memory_win.cc(73)] ReadMemory at 0x7ff85fd90000 of 64 bytes failed: Only part of a ReadProcessMemory or WriteProcessMemory request was completed. (0x12B)
[0906/002736.617:WARNING:pe_image_reader.cc(340)] could not read dos header from C:\Windows\SYSTEM32\WINHTTP.dll
[0906/002736.617:ERROR:process_memory_win.cc(73)] ReadMemory at 0x7ff85f7c0000 of 64 bytes failed: Only part of a ReadProcessMemory or WriteProcessMemory request was completed. (0x12B)
[0906/002736.617:WARNING:pe_image_reader.cc(340)] could not read dos header from C:\Windows\SYSTEM32\dhcpcsvc.DLL
[0906/002736.617:ERROR:process_memory_win.cc(73)] ReadMemory at 0x7ff86c4b0000 of 64 bytes failed: Only part of a ReadProcessMemory or WriteProcessMemory request was completed. (0x12B)
[0906/002736.617:WARNING:pe_image_reader.cc(340)] could not read dos header from C:\Windows\System32\NSI.dll
[0906/002736.617:ERROR:process_memory_win.cc(73)] ReadMemory at 0x7ff85b8a0000 of 64 bytes failed: Only part of a ReadProcessMemory or WriteProcessMemory request was completed. (0x12B)
[0906/002736.617:WARNING:pe_image_reader.cc(340)] could not read dos header from C:\Windows\SYSTEM32\WINMMBASE.dll
[0906/002736.617:ERROR:process_memory_win.cc(73)] ReadMemory at 0x7ff86b6a0000 of 64 bytes failed: Only part of a ReadProcessMemory or WriteProcessMemory request was completed. (0x12B)
[0906/002736.617:WARNING:pe_image_reader.cc(340)] could not read dos header from C:\Windows\System32\cfgmgr32.dll
[0906/002736.617:ERROR:process_memory_win.cc(73)] ReadMemory at 0x7ff863eb0000 of 64 bytes failed: Only part of a ReadProcessMemory or WriteProcessMemory request was completed. (0x12B)
[0906/002736.617:WARNING:pe_image_reader.cc(340)] could not read dos header from C:\Windows\SYSTEM32\PROPSYS.dll
[0906/002736.617:ERROR:process_memory_win.cc(73)] ReadMemory at 0x7ff86be90000 of 64 bytes failed: Only part of a ReadProcessMemory or WriteProcessMemory request was completed. (0x12B)
[0906/002736.617:WARNING:pe_image_reader.cc(340)] could not read dos header from C:\Windows\System32\shcore.dll
[0906/002736.617:ERROR:process_memory_win.cc(73)] ReadMemory at 0x7ff86a7a0000 of 64 bytes failed: Only part of a ReadProcessMemory or WriteProcessMemory request was completed. (0x12B)
[0906/002736.617:WARNING:pe_image_reader.cc(340)] could not read dos header from C:\Windows\SYSTEM32\SSPICLI.DLL
[0906/002736.617:ERROR:process_memory_win.cc(73)] ReadMemory at 0x7ff86c520000 of 64 bytes failed: Only part of a ReadProcessMemory or WriteProcessMemory request was completed. (0x12B)
[0906/002736.617:WARNING:pe_image_reader.cc(340)] could not read dos header from C:\Windows\System32\SHELL32.dll
[0906/002736.617:ERROR:process_memory_win.cc(73)] ReadMemory at 0x7ff86af10000 of 64 bytes failed: Only part of a ReadProcessMemory or WriteProcessMemory request was completed. (0x12B)
[0906/002736.617:WARNING:pe_image_reader.cc(340)] could not read dos header from C:\Windows\System32\windows.storage.dll
[0906/002736.617:ERROR:process_memory_win.cc(73)] ReadMemory at 0x7ff86a930000 of 64 bytes failed: Only part of a ReadProcessMemory or WriteProcessMemory request was completed. (0x12B)
[0906/002736.617:WARNING:pe_image_reader.cc(340)] could not read dos header from C:\Windows\System32\powrprof.dll
[0906/002736.617:ERROR:process_memory_win.cc(73)] ReadMemory at 0x7ff86a8b0000 of 64 bytes failed: Only part of a ReadProcessMemory or WriteProcessMemory request was completed. (0x12B)
[0906/002736.617:WARNING:pe_image_reader.cc(340)] could not read dos header from C:\Windows\System32\UMPDC.dll
[0906/002736.617:ERROR:process_memory_win.cc(73)] ReadMemory at 0x7ff86d7d0000 of 64 bytes failed: Only part of a ReadProcessMemory or WriteProcessMemory request was completed. (0x12B)
[0906/002736.617:WARNING:pe_image_reader.cc(340)] could not read dos header from C:\Windows\System32\shlwapi.dll
[0906/002736.618:ERROR:process_memory_win.cc(73)] ReadMemory at 0x7ff86d330000 of 64 bytes failed: Only part of a ReadProcessMemory or WriteProcessMemory request was completed. (0x12B)
[0906/002736.618:WARNING:pe_image_reader.cc(340)] could not read dos header from C:\Windows\System32\GDI32.dll
[0906/002736.618:ERROR:process_memory_win.cc(73)] ReadMemory at 0x7ff86aee0000 of 64 bytes failed: Only part of a ReadProcessMemory or WriteProcessMemory request was completed. (0x12B)
[0906/002736.618:WARNING:pe_image_reader.cc(340)] could not read dos header from C:\Windows\System32\win32u.dll
[0906/002736.618:ERROR:process_memory_win.cc(73)] ReadMemory at 0x7ff86ad20000 of 64 bytes failed: Only part of a ReadProcessMemory or WriteProcessMemory request was completed. (0x12B)
[0906/002736.618:WARNING:pe_image_reader.cc(340)] could not read dos header from C:\Windows\System32\gdi32full.dll
[0906/002736.618:ERROR:process_memory_win.cc(73)] ReadMemory at 0x7ff86bfb0000 of 64 bytes failed: Only part of a ReadProcessMemory or WriteProcessMemory request was completed. (0x12B)
[0906/002736.618:WARNING:pe_image_reader.cc(340)] could not read dos header from C:\Windows\System32\USER32.dll
[0906/002736.618:ERROR:process_memory_win.cc(73)] ReadMemory at 0x7ff86aec0000 of 64 bytes failed: Only part of a ReadProcessMemory or WriteProcessMemory request was completed. (0x12B)
[0906/002736.618:WARNING:pe_image_reader.cc(340)] could not read dos header from C:\Windows\System32\cryptsp.dll
[0906/002736.618:ERROR:process_memory_win.cc(73)] ReadMemory at 0x7ff86c480000 of 64 bytes failed: Only part of a ReadProcessMemory or WriteProcessMemory request was completed. (0x12B)
[0906/002736.618:WARNING:pe_image_reader.cc(340)] could not read dos header from C:\Windows\System32\IMM32.DLL
[0906/002736.618:ERROR:process_memory_win.cc(73)] ReadMemory at 0x7ff86a280000 of 64 bytes failed: Only part of a ReadProcessMemory or WriteProcessMemory request was completed. (0x12B)
[0906/002736.618:WARNING:pe_image_reader.cc(340)] could not read dos header from C:\Windows\SYSTEM32\CRYPTBASE.DLL
[0906/002736.630:ERROR:process_memory_win.cc(73)] ReadMemory at 0x6e17e8000 of 98304 bytes failed: Only part of a ReadProcessMemory or WriteProcessMemory request was completed. (0x12B)
[0906/002736.630:ERROR:process_memory_win.cc(73)] ReadMemory at 0x6e1ffd000 of 12288 bytes failed: Only part of a ReadProcessMemory or WriteProcessMemory request was completed. (0x12B)
[0906/002736.630:ERROR:process_memory_win.cc(73)] ReadMemory at 0x6e27f7000 of 36864 bytes failed: Only part of a ReadProcessMemory or WriteProcessMemory request was completed. (0x12B)
[0906/002736.630:ERROR:process_memory_win.cc(73)] ReadMemory at 0x6e2ffc000 of 16384 bytes failed: Only part of a ReadProcessMemory or WriteProcessMemory request was completed. (0x12B)
[0906/002736.630:ERROR:process_memory_win.cc(73)] ReadMemory at 0x6e37fb000 of 20480 bytes failed: Only part of a ReadProcessMemory or WriteProcessMemory request was completed. (0x12B)
[0906/002736.630:ERROR:process_memory_win.cc(73)] ReadMemory at 0x6e3fff000 of 4096 bytes failed: Only part of a ReadProcessMemory or WriteProcessMemory request was completed. (0x12B)
[0906/002736.630:ERROR:process_memory_win.cc(73)] ReadMemory at 0x6e47fd000 of 12288 bytes failed: Only part of a ReadProcessMemory or WriteProcessMemory request was completed. (0x12B)
[0906/002736.630:ERROR:process_memory_win.cc(73)] ReadMemory at 0x6e4ffc000 of 16384 bytes failed: Only part of a ReadProcessMemory or WriteProcessMemory request was completed. (0x12B)
[0906/002736.630:ERROR:process_memory_win.cc(73)] ReadMemory at 0x6e5ffc000 of 16384 bytes failed: Only part of a ReadProcessMemory or WriteProcessMemory request was completed. (0x12B)
[0906/002736.630:ERROR:process_memory_win.cc(73)] ReadMemory at 0x6e67f7000 of 36864 bytes failed: Only part of a ReadProcessMemory or WriteProcessMemory request was completed. (0x12B)
[0906/002736.631:ERROR:process_memory_win.cc(73)] ReadMemory at 0x6e6ffb000 of 20480 bytes failed: Only part of a ReadProcessMemory or WriteProcessMemory request was completed. (0x12B)
[0906/002736.631:ERROR:process_memory_win.cc(73)] ReadMemory at 0x6e77fb000 of 20480 bytes failed: Only part of a ReadProcessMemory or WriteProcessMemory request was completed. (0x12B)
[0906/002736.631:ERROR:process_memory_win.cc(73)] ReadMemory at 0x6e7ff4000 of 49152 bytes failed: Only part of a ReadProcessMemory or WriteProcessMemory request was completed. (0x12B)
[0906/002736.631:ERROR:process_memory_win.cc(73)] ReadMemory at 0x6e87fd000 of 12288 bytes failed: Only part of a ReadProcessMemory or WriteProcessMemory request was completed. (0x12B)
[0906/002736.631:ERROR:process_memory_win.cc(73)] ReadMemory at 0x6e8ff4000 of 49152 bytes failed: Only part of a ReadProcessMemory or WriteProcessMemory request was completed. (0x12B)
[0906/002736.631:ERROR:process_memory_win.cc(73)] ReadMemory at 0x6e97f4000 of 49152 bytes failed: Only part of a ReadProcessMemory or WriteProcessMemory request was completed. (0x12B)
[0906/002736.631:ERROR:process_memory_win.cc(73)] ReadMemory at 0x6e9ffa000 of 24576 bytes failed: Only part of a ReadProcessMemory or WriteProcessMemory request was completed. (0x12B)
[0906/002736.631:ERROR:process_memory_win.cc(73)] ReadMemory at 0x6ea7fd000 of 12288 bytes failed: Only part of a ReadProcessMemory or WriteProcessMemory request was completed. (0x12B)
[0906/002736.631:ERROR:process_memory_win.cc(73)] ReadMemory at 0x6eaff9000 of 28672 bytes failed: Only part of a ReadProcessMemory or WriteProcessMemory request was completed. (0x12B)
[0906/002736.631:ERROR:process_memory_win.cc(73)] ReadMemory at 0x6eb7fa000 of 24576 bytes failed: Only part of a ReadProcessMemory or WriteProcessMemory request was completed. (0x12B)
[0906/002736.631:ERROR:process_memory_win.cc(73)] ReadMemory at 0x6ec7fc000 of 16384 bytes failed: Only part of a ReadProcessMemory or WriteProcessMemory request was completed. (0x12B)
[0906/002736.631:ERROR:process_memory_win.cc(73)] ReadMemory at 0x6e57fd000 of 12288 bytes failed: Only part of a ReadProcessMemory or WriteProcessMemory request was completed. (0x12B)
[0906/002736.631:ERROR:process_memory_win.cc(73)] ReadMemory at 0x6e0e0d000 of 852 bytes failed: Only part of a ReadProcessMemory or WriteProcessMemory request was completed. (0x12B)
[0906/002736.631:ERROR:process_memory_win.cc(73)] ReadMemory at 0x6e0e0e000 of 6024 bytes failed: Only part of a ReadProcessMemory or WriteProcessMemory request was completed. (0x12B)
[0906/002736.631:ERROR:process_memory_win.cc(73)] ReadMemory at 0x6e0e10000 of 6024 bytes failed: Only part of a ReadProcessMemory or WriteProcessMemory request was completed. (0x12B)
[0906/002736.631:ERROR:process_memory_win.cc(73)] ReadMemory at 0x6e0e12000 of 6024 bytes failed: Only part of a ReadProcessMemory or WriteProcessMemory request was completed. (0x12B)
[0906/002736.631:ERROR:process_memory_win.cc(73)] ReadMemory at 0x6e0e14000 of 6024 bytes failed: Only part of a ReadProcessMemory or WriteProcessMemory request was completed. (0x12B)
[0906/002736.631:ERROR:process_memory_win.cc(73)] ReadMemory at 0x6e0e16000 of 6024 bytes failed: Only part of a ReadProcessMemory or WriteProcessMemory request was completed. (0x12B)
[0906/002736.631:ERROR:process_memory_win.cc(73)] ReadMemory at 0x6e0e18000 of 6024 bytes failed: Only part of a ReadProcessMemory or WriteProcessMemory request was completed. (0x12B)
[0906/002736.632:ERROR:process_memory_win.cc(73)] ReadMemory at 0x6e0e1a000 of 6024 bytes failed: Only part of a ReadProcessMemory or WriteProcessMemory request was completed. (0x12B)
[0906/002736.632:ERROR:process_memory_win.cc(73)] ReadMemory at 0x6e0e1c000 of 6024 bytes failed: Only part of a ReadProcessMemory or WriteProcessMemory request was completed. (0x12B)
[0906/002736.632:ERROR:process_memory_win.cc(73)] ReadMemory at 0x6e0e20000 of 6024 bytes failed: Only part of a ReadProcessMemory or WriteProcessMemory request was completed. (0x12B)
[0906/002736.632:ERROR:process_memory_win.cc(73)] ReadMemory at 0x6e0e22000 of 6024 bytes failed: Only part of a ReadProcessMemory or WriteProcessMemory request was completed. (0x12B)
[0906/002736.632:ERROR:process_memory_win.cc(73)] ReadMemory at 0x6e0e24000 of 6024 bytes failed: Only part of a ReadProcessMemory or WriteProcessMemory request was completed. (0x12B)
[0906/002736.632:ERROR:process_memory_win.cc(73)] ReadMemory at 0x6e0e26000 of 6024 bytes failed: Only part of a ReadProcessMemory or WriteProcessMemory request was completed. (0x12B)
[0906/002736.632:ERROR:process_memory_win.cc(73)] ReadMemory at 0x6e0e28000 of 6024 bytes failed: Only part of a ReadProcessMemory or WriteProcessMemory request was completed. (0x12B)
[0906/002736.632:ERROR:process_memory_win.cc(73)] ReadMemory at 0x6e0e2a000 of 6024 bytes failed: Only part of a ReadProcessMemory or WriteProcessMemory request was completed. (0x12B)
[0906/002736.632:ERROR:process_memory_win.cc(73)] ReadMemory at 0x6e0e2c000 of 6024 bytes failed: Only part of a ReadProcessMemory or WriteProcessMemory request was completed. (0x12B)
[0906/002736.632:ERROR:process_memory_win.cc(73)] ReadMemory at 0x6e0e2e000 of 6024 bytes failed: Only part of a ReadProcessMemory or WriteProcessMemory request was completed. (0x12B)
[0906/002736.632:ERROR:process_memory_win.cc(73)] ReadMemory at 0x6e0e30000 of 6024 bytes failed: Only part of a ReadProcessMemory or WriteProcessMemory request was completed. (0x12B)
[0906/002736.632:ERROR:process_memory_win.cc(73)] ReadMemory at 0x6e0e32000 of 6024 bytes failed: Only part of a ReadProcessMemory or WriteProcessMemory request was completed. (0x12B)
[0906/002736.632:ERROR:process_memory_win.cc(73)] ReadMemory at 0x6e0e34000 of 6024 bytes failed: Only part of a ReadProcessMemory or WriteProcessMemory request was completed. (0x12B)
[0906/002736.632:ERROR:process_memory_win.cc(73)] ReadMemory at 0x6e0e36000 of 6024 bytes failed: Only part of a ReadProcessMemory or WriteProcessMemory request was completed. (0x12B)
[0906/002736.632:ERROR:process_memory_win.cc(73)] ReadMemory at 0x6e0e3a000 of 6024 bytes failed: Only part of a ReadProcessMemory or WriteProcessMemory request was completed. (0x12B)
[0906/002736.632:ERROR:process_memory_win.cc(73)] ReadMemory at 0x6e0e3c000 of 6024 bytes failed: Only part of a ReadProcessMemory or WriteProcessMemory request was completed. (0x12B)
[0906/002736.632:ERROR:process_memory_win.cc(73)] ReadMemory at 0x18d539b0000 of 384 bytes failed: Only part of a ReadProcessMemory or WriteProcessMemory request was completed. (0x12B)
[0906/002736.632:ERROR:process_memory_win.cc(73)] ReadMemory at 0x18d539b0fe0 of 4456 bytes failed: Only part of a ReadProcessMemory or WriteProcessMemory request was completed. (0x12B)
[0906/002736.632:ERROR:process_memory_win.cc(73)] ReadMemory at 0x18d539b2150 of 1012 bytes failed: Only part of a ReadProcessMemory or WriteProcessMemory request was completed. (0x12B)
[0906/002736.632:ERROR:process_memory_win.cc(73)] ReadMemory at 0x18d539b2798 of 118 bytes failed: Only part of a ReadProcessMemory or WriteProcessMemory request was completed. (0x12B)
[0906/002736.632:ERROR:process_memory_win.cc(73)] ReadMemory at 0x18d539b2810 of 1054 bytes failed: Only part of a ReadProcessMemory or WriteProcessMemory request was completed. (0x12B)
[0906/002736.632:ERROR:process_memory_win.cc(73)] ReadMemory at 0x18d539b2c30 of 118 bytes failed: Only part of a ReadProcessMemory or WriteProcessMemory request was completed. (0x12B)
[0906/002736.633:ERROR:process_memory_win.cc(73)] ReadMemory at 0x18d539b2ca8 of 102 bytes failed: Only part of a ReadProcessMemory or WriteProcessMemory request was completed. (0x12B)
[0906/002736.633:ERROR:process_memory_win.cc(73)] ReadMemory at 0x18d539b2d20 of 58 bytes failed: Only part of a ReadProcessMemory or WriteProcessMemory request was completed. (0x12B)
[0906/002736.633:ERROR:process_memory_win.cc(73)] ReadMemory at 0x18d539b2e20 of 132 bytes failed: Only part of a ReadProcessMemory or WriteProcessMemory request was completed. (0x12B)
[0906/002736.633:ERROR:process_memory_win.cc(73)] ReadMemory at 0x18d539b2fb0 of 132 bytes failed: Only part of a ReadProcessMemory or WriteProcessMemory request was completed. (0x12B)
[0906/002736.633:ERROR:process_memory_win.cc(73)] ReadMemory at 0x18d539b3170 of 124 bytes failed: Only part of a ReadProcessMemory or WriteProcessMemory request was completed. (0x12B)
[0906/002736.633:ERROR:process_memory_win.cc(73)] ReadMemory at 0x18d539b3550 of 132 bytes failed: Only part of a ReadProcessMemory or WriteProcessMemory request was completed. (0x12B)
[0906/002736.633:ERROR:process_memory_win.cc(73)] ReadMemory at 0x18d539b36e0 of 64 bytes failed: Only part of a ReadProcessMemory or WriteProcessMemory request was completed. (0x12B)
[0906/002736.633:ERROR:process_memory_win.cc(73)] ReadMemory at 0x18d539b3730 of 132 bytes failed: Only part of a ReadProcessMemory or WriteProcessMemory request was completed. (0x12B)
[0906/002736.633:ERROR:process_memory_win.cc(73)] ReadMemory at 0x18d539b3860 of 132 bytes failed: Only part of a ReadProcessMemory or WriteProcessMemory request was completed. (0x12B)
[0906/002736.633:ERROR:process_memory_win.cc(73)] ReadMemory at 0x18d539b3b40 of 132 bytes failed: Only part of a ReadProcessMemory or WriteProcessMemory request was completed. (0x12B)
[0906/002736.633:ERROR:process_memory_win.cc(73)] ReadMemory at 0x18d539b3cd0 of 68 bytes failed: Only part of a ReadProcessMemory or WriteProcessMemory request was completed. (0x12B)
[0906/002736.633:ERROR:process_memory_win.cc(73)] ReadMemory at 0x18d539b4fb0 of 152 bytes failed: Only part of a ReadProcessMemory or WriteProcessMemory request was completed. (0x12B)
[0906/002736.633:ERROR:process_memory_win.cc(73)] ReadMemory at 0x18d539b5d90 of 62 bytes failed: Only part of a ReadProcessMemory or WriteProcessMemory request was completed. (0x12B)
[0906/002736.633:ERROR:process_memory_win.cc(73)] ReadMemory at 0x18d539b5f80 of 132 bytes failed: Only part of a ReadProcessMemory or WriteProcessMemory request was completed. (0x12B)
[0906/002736.633:ERROR:process_memory_win.cc(73)] ReadMemory at 0x18d539b60b0 of 60 bytes failed: Only part of a ReadProcessMemory or WriteProcessMemory request was completed. (0x12B)
[0906/002736.634:ERROR:process_memory_win.cc(73)] ReadMemory at 0x18d539be0f0 of 54 bytes failed: Only part of a ReadProcessMemory or WriteProcessMemory request was completed. (0x12B)
[0906/002736.634:ERROR:process_memory_win.cc(73)] ReadMemory at 0x18d539c0cb0 of 60 bytes failed: Only part of a ReadProcessMemory or WriteProcessMemory request was completed. (0x12B)
[0906/002736.634:ERROR:process_memory_win.cc(73)] ReadMemory at 0x18d539c1020 of 64 bytes failed: Only part of a ReadProcessMemory or WriteProcessMemory request was completed. (0x12B)
[0906/002736.634:ERROR:process_memory_win.cc(73)] ReadMemory at 0x18d539c1200 of 62 bytes failed: Only part of a ReadProcessMemory or WriteProcessMemory request was completed. (0x12B)
[0906/002736.634:ERROR:process_memory_win.cc(73)] ReadMemory at 0x18d539c2ef0 of 80 bytes failed: Only part of a ReadProcessMemory or WriteProcessMemory request was completed. (0x12B)
[0906/002736.634:ERROR:process_memory_win.cc(73)] ReadMemory at 0x18d539c3190 of 80 bytes failed: Only part of a ReadProcessMemory or WriteProcessMemory request was completed. (0x12B)
[0906/002736.634:ERROR:process_memory_win.cc(73)] ReadMemory at 0x18d539c3a30 of 132 bytes failed: Only part of a ReadProcessMemory or WriteProcessMemory request was completed. (0x12B)
[0906/002736.634:ERROR:process_memory_win.cc(73)] ReadMemory at 0x18d539c3be0 of 132 bytes failed: Only part of a ReadProcessMemory or WriteProcessMemory request was completed. (0x12B)
[0906/002736.634:ERROR:process_memory_win.cc(73)] ReadMemory at 0x18d539c3f00 of 132 bytes failed: Only part of a ReadProcessMemory or WriteProcessMemory request was completed. (0x12B)
[0906/002736.634:ERROR:process_memory_win.cc(73)] ReadMemory at 0x18d539c4350 of 132 bytes failed: Only part of a ReadProcessMemory or WriteProcessMemory request was completed. (0x12B)
[0906/002736.634:ERROR:process_memory_win.cc(73)] ReadMemory at 0x18d539c4480 of 132 bytes failed: Only part of a ReadProcessMemory or WriteProcessMemory request was completed. (0x12B)
[0906/002736.634:ERROR:process_memory_win.cc(73)] ReadMemory at 0x18d539c46c0 of 132 bytes failed: Only part of a ReadProcessMemory or WriteProcessMemory request was completed. (0x12B)
[0906/002736.634:ERROR:process_memory_win.cc(73)] ReadMemory at 0x18d539c6160 of 132 bytes failed: Only part of a ReadProcessMemory or WriteProcessMemory request was completed. (0x12B)
[0906/002736.634:ERROR:process_memory_win.cc(73)] ReadMemory at 0x18d539c6290 of 132 bytes failed: Only part of a ReadProcessMemory or WriteProcessMemory request was completed. (0x12B)
[0906/002736.634:ERROR:process_memory_win.cc(73)] ReadMemory at 0x18d539c64f0 of 132 bytes failed: Only part of a ReadProcessMemory or WriteProcessMemory request was completed. (0x12B)
[0906/002736.634:ERROR:process_memory_win.cc(73)] ReadMemory at 0x18d539c6620 of 132 bytes failed: Only part of a ReadProcessMemory or WriteProcessMemory request was completed. (0x12B)
[0906/002736.634:ERROR:process_memory_win.cc(73)] ReadMemory at 0x18d539c6750 of 132 bytes failed: Only part of a ReadProcessMemory or WriteProcessMemory request was completed. (0x12B)
[0906/002736.634:ERROR:process_memory_win.cc(73)] ReadMemory at 0x18d539c6880 of 132 bytes failed: Only part of a ReadProcessMemory or WriteProcessMemory request was completed. (0x12B)
[0906/002736.634:ERROR:process_memory_win.cc(73)] ReadMemory at 0x18d539c69b0 of 132 bytes failed: Only part of a ReadProcessMemory or WriteProcessMemory request was completed. (0x12B)
[0906/002736.634:ERROR:process_memory_win.cc(73)] ReadMemory at 0x18d539c6ae0 of 132 bytes failed: Only part of a ReadProcessMemory or WriteProcessMemory request was completed. (0x12B)
[0906/002736.634:ERROR:process_memory_win.cc(73)] ReadMemory at 0x18d539c6c10 of 132 bytes failed: Only part of a ReadProcessMemory or WriteProcessMemory request was completed. (0x12B)
[0906/002736.634:ERROR:process_memory_win.cc(73)] ReadMemory at 0x18d539c6d40 of 132 bytes failed: Only part of a ReadProcessMemory or WriteProcessMemory request was completed. (0x12B)
[0906/002736.634:ERROR:process_memory_win.cc(73)] ReadMemory at 0x18d539c6e70 of 132 bytes failed: Only part of a ReadProcessMemory or WriteProcessMemory request was completed. (0x12B)
[0906/002736.634:ERROR:process_memory_win.cc(73)] ReadMemory at 0x18d539c6fa0 of 132 bytes failed: Only part of a ReadProcessMemory or WriteProcessMemory request was completed. (0x12B)
[0906/002736.634:ERROR:process_memory_win.cc(73)] ReadMemory at 0x18d539ca490 of 132 bytes failed: Only part of a ReadProcessMemory or WriteProcessMemory request was completed. (0x12B)
[0906/002736.634:ERROR:process_memory_win.cc(73)] ReadMemory at 0x18d539ca7f0 of 132 bytes failed: Only part of a ReadProcessMemory or WriteProcessMemory request was completed. (0x12B)
[0906/002736.634:ERROR:process_memory_win.cc(73)] ReadMemory at 0x18d539ca920 of 132 bytes failed: Only part of a ReadProcessMemory or WriteProcessMemory request was completed. (0x12B)
[0906/002736.634:ERROR:process_memory_win.cc(73)] ReadMemory at 0x18d539ccbe0 of 144 bytes failed: Only part of a ReadProcessMemory or WriteProcessMemory request was completed. (0x12B)
[0906/002736.634:ERROR:process_memory_win.cc(73)] ReadMemory at 0x18d539ceaf0 of 60 bytes failed: Only part of a ReadProcessMemory or WriteProcessMemory request was completed. (0x12B)
[0906/002736.634:ERROR:process_memory_win.cc(73)] ReadMemory at 0x18d539cec30 of 62 bytes failed: Only part of a ReadProcessMemory or WriteProcessMemory request was completed. (0x12B)
[0906/002736.634:ERROR:process_memory_win.cc(73)] ReadMemory at 0x18d539ced70 of 64 bytes failed: Only part of a ReadProcessMemory or WriteProcessMemory request was completed. (0x12B)
[0906/002736.635:ERROR:process_memory_win.cc(73)] ReadMemory at 0x18d539cedc0 of 60 bytes failed: Only part of a ReadProcessMemory or WriteProcessMemory request was completed. (0x12B)
[0906/002736.635:ERROR:process_memory_win.cc(73)] ReadMemory at 0x18d539cee60 of 62 bytes failed: Only part of a ReadProcessMemory or WriteProcessMemory request was completed. (0x12B)
[0906/002736.635:ERROR:process_memory_win.cc(73)] ReadMemory at 0x18d539ceeb0 of 60 bytes failed: Only part of a ReadProcessMemory or WriteProcessMemory request was completed. (0x12B)
[0906/002736.635:ERROR:process_memory_win.cc(73)] ReadMemory at 0x18d539cf040 of 64 bytes failed: Only part of a ReadProcessMemory or WriteProcessMemory request was completed. (0x12B)
[0906/002736.635:ERROR:process_memory_win.cc(73)] ReadMemory at 0x18d539cf180 of 60 bytes failed: Only part of a ReadProcessMemory or WriteProcessMemory request was completed. (0x12B)
[0906/002736.635:ERROR:process_memory_win.cc(73)] ReadMemory at 0x18d539cf1d0 of 64 bytes failed: Only part of a ReadProcessMemory or WriteProcessMemory request was completed. (0x12B)
[0906/002736.635:ERROR:process_memory_win.cc(73)] ReadMemory at 0x18d539cf220 of 66 bytes failed: Only part of a ReadProcessMemory or WriteProcessMemory request was completed. (0x12B)
[0906/002736.635:ERROR:process_memory_win.cc(73)] ReadMemory at 0x18d539cf270 of 62 bytes failed: Only part of a ReadProcessMemory or WriteProcessMemory request was completed. (0x12B)
[0906/002736.635:ERROR:process_memory_win.cc(73)] ReadMemory at 0x18d539cf2c0 of 58 bytes failed: Only part of a ReadProcessMemory or WriteProcessMemory request was completed. (0x12B)
[0906/002736.635:ERROR:process_memory_win.cc(73)] ReadMemory at 0x18d539cf310 of 62 bytes failed: Only part of a ReadProcessMemory or WriteProcessMemory request was completed. (0x12B)
[0906/002736.635:ERROR:process_memory_win.cc(73)] ReadMemory at 0x18d539cf360 of 66 bytes failed: Only part of a ReadProcessMemory or WriteProcessMemory request was completed. (0x12B)
[0906/002736.635:ERROR:process_memory_win.cc(73)] ReadMemory at 0x18d539cf3b0 of 64 bytes failed: Only part of a ReadProcessMemory or WriteProcessMemory request was completed. (0x12B)
[0906/002736.635:ERROR:process_memory_win.cc(73)] ReadMemory at 0x18d539cf4a0 of 62 bytes failed: Only part of a ReadProcessMemory or WriteProcessMemory request was completed. (0x12B)
[0906/002736.635:ERROR:process_memory_win.cc(73)] ReadMemory at 0x18d539cf4f0 of 64 bytes failed: Only part of a ReadProcessMemory or WriteProcessMemory request was completed. (0x12B)
[0906/002736.635:ERROR:process_memory_win.cc(73)] ReadMemory at 0x18d539cf540 of 62 bytes failed: Only part of a ReadProcessMemory or WriteProcessMemory request was completed. (0x12B)
[0906/002736.635:ERROR:process_memory_win.cc(73)] ReadMemory at 0x18d539cf5e0 of 62 bytes failed: Only part of a ReadProcessMemory or WriteProcessMemory request was completed. (0x12B)
[0906/002736.635:ERROR:process_memory_win.cc(73)] ReadMemory at 0x18d539cf770 of 64 bytes failed: Only part of a ReadProcessMemory or WriteProcessMemory request was completed. (0x12B)
[0906/002736.635:ERROR:process_memory_win.cc(73)] ReadMemory at 0x18d539cf810 of 64 bytes failed: Only part of a ReadProcessMemory or WriteProcessMemory request was completed. (0x12B)
[0906/002736.635:ERROR:process_memory_win.cc(73)] ReadMemory at 0x18d539cf860 of 60 bytes failed: Only part of a ReadProcessMemory or WriteProcessMemory request was completed. (0x12B)
[0906/002736.635:ERROR:process_memory_win.cc(73)] ReadMemory at 0x18d539cf9a0 of 62 bytes failed: Only part of a ReadProcessMemory or WriteProcessMemory request was completed. (0x12B)
[0906/002736.635:ERROR:process_memory_win.cc(73)] ReadMemory at 0x18d539cfa40 of 62 bytes failed: Only part of a ReadProcessMemory or WriteProcessMemory request was completed. (0x12B)
[0906/002736.635:ERROR:process_memory_win.cc(73)] ReadMemory at 0x18d539cfab0 of 132 bytes failed: Only part of a ReadProcessMemory or WriteProcessMemory request was completed. (0x12B)
[0906/002736.635:ERROR:process_memory_win.cc(73)] ReadMemory at 0x18d539d04b0 of 132 bytes failed: Only part of a ReadProcessMemory or WriteProcessMemory request was completed. (0x12B)
[0906/002736.635:ERROR:process_memory_win.cc(73)] ReadMemory at 0x18d539d05e0 of 132 bytes failed: Only part of a ReadProcessMemory or WriteProcessMemory request was completed. (0x12B)
[0906/002736.635:ERROR:process_memory_win.cc(73)] ReadMemory at 0x18d539d0710 of 132 bytes failed: Only part of a ReadProcessMemory or WriteProcessMemory request was completed. (0x12B)
[0906/002736.635:ERROR:process_memory_win.cc(73)] ReadMemory at 0x18d539d0840 of 132 bytes failed: Only part of a ReadProcessMemory or WriteProcessMemory request was completed. (0x12B)
[0906/002736.635:ERROR:process_memory_win.cc(73)] ReadMemory at 0x18d539d0970 of 132 bytes failed: Only part of a ReadProcessMemory or WriteProcessMemory request was completed. (0x12B)
[0906/002736.635:ERROR:process_memory_win.cc(73)] ReadMemory at 0x18d539d0aa0 of 132 bytes failed: Only part of a ReadProcessMemory or WriteProcessMemory request was completed. (0x12B)
[0906/002736.635:ERROR:process_memory_win.cc(73)] ReadMemory at 0x18d539d0bd0 of 132 bytes failed: Only part of a ReadProcessMemory or WriteProcessMemory request was completed. (0x12B)
[0906/002736.635:ERROR:process_memory_win.cc(73)] ReadMemory at 0x18d539d0f60 of 132 bytes failed: Only part of a ReadProcessMemory or WriteProcessMemory request was completed. (0x12B)
[0906/002736.635:ERROR:process_memory_win.cc(73)] ReadMemory at 0x18d539d11c0 of 132 bytes failed: Only part of a ReadProcessMemory or WriteProcessMemory request was completed. (0x12B)
[0906/002736.635:ERROR:process_memory_win.cc(73)] ReadMemory at 0x18d539d1550 of 132 bytes failed: Only part of a ReadProcessMemory or WriteProcessMemory request was completed. (0x12B)
[0906/002736.636:ERROR:process_memory_win.cc(73)] ReadMemory at 0x18d539d1680 of 132 bytes failed: Only part of a ReadProcessMemory or WriteProcessMemory request was completed. (0x12B)
[0906/002736.636:ERROR:process_memory_win.cc(73)] ReadMemory at 0x18d539d17b0 of 132 bytes failed: Only part of a ReadProcessMemory or WriteProcessMemory request was completed. (0x12B)
[0906/002736.636:ERROR:process_memory_win.cc(73)] ReadMemory at 0x18d539d18e0 of 132 bytes failed: Only part of a ReadProcessMemory or WriteProcessMemory request was completed. (0x12B)
[0906/002736.636:ERROR:process_memory_win.cc(73)] ReadMemory at 0x18d539d1a10 of 132 bytes failed: Only part of a ReadProcessMemory or WriteProcessMemory request was completed. (0x12B)
[0906/002736.636:ERROR:process_memory_win.cc(73)] ReadMemory at 0x18d539d1b40 of 132 bytes failed: Only part of a ReadProcessMemory or WriteProcessMemory request was completed. (0x12B)
[0906/002736.636:ERROR:process_memory_win.cc(73)] ReadMemory at 0x18d539d1c70 of 132 bytes failed: Only part of a ReadProcessMemory or WriteProcessMemory request was completed. (0x12B)
[0906/002736.636:ERROR:process_memory_win.cc(73)] ReadMemory at 0x18d539d1da0 of 132 bytes failed: Only part of a ReadProcessMemory or WriteProcessMemory request was completed. (0x12B)
[0906/002736.636:ERROR:process_memory_win.cc(73)] ReadMemory at 0x18d539d1ed0 of 132 bytes failed: Only part of a ReadProcessMemory or WriteProcessMemory request was completed. (0x12B)
[0906/002736.636:ERROR:process_memory_win.cc(73)] ReadMemory at 0x18d539d2000 of 132 bytes failed: Only part of a ReadProcessMemory or WriteProcessMemory request was completed. (0x12B)
[0906/002736.636:ERROR:process_memory_win.cc(73)] ReadMemory at 0x18d539d2130 of 132 bytes failed: Only part of a ReadProcessMemory or WriteProcessMemory request was completed. (0x12B)
[0906/002736.636:ERROR:process_memory_win.cc(73)] ReadMemory at 0x18d539d2260 of 132 bytes failed: Only part of a ReadProcessMemory or WriteProcessMemory request was completed. (0x12B)
[0906/002736.636:ERROR:process_memory_win.cc(73)] ReadMemory at 0x18d539d3d40 of 76 bytes failed: Only part of a ReadProcessMemory or WriteProcessMemory request was completed. (0x12B)
[0906/002736.636:ERROR:process_memory_win.cc(73)] ReadMemory at 0x18d539d4700 of 78 bytes failed: Only part of a ReadProcessMemory or WriteProcessMemory request was completed. (0x12B)
[0906/002736.636:ERROR:process_memory_win.cc(73)] ReadMemory at 0x18d539ff880 of 58 bytes failed: Only part of a ReadProcessMemory or WriteProcessMemory request was completed. (0x12B)
[0906/002736.636:ERROR:process_memory_win.cc(73)] ReadMemory at 0x18d539ff8d0 of 60 bytes failed: Only part of a ReadProcessMemory or WriteProcessMemory request was completed. (0x12B)
[0906/002736.636:ERROR:process_memory_win.cc(73)] ReadMemory at 0x18d539ff920 of 58 bytes failed: Only part of a ReadProcessMemory or WriteProcessMemory request was completed. (0x12B)
[0906/002736.636:ERROR:process_memory_win.cc(73)] ReadMemory at 0x18d539ff970 of 66 bytes failed: Only part of a ReadProcessMemory or WriteProcessMemory request was completed. (0x12B)
[0906/002736.636:ERROR:process_memory_win.cc(73)] ReadMemory at 0x18d539ffba0 of 64 bytes failed: Only part of a ReadProcessMemory or WriteProcessMemory request was completed. (0x12B)
[0906/002736.636:ERROR:process_memory_win.cc(73)] ReadMemory at 0x18d539fffb0 of 62 bytes failed: Only part of a ReadProcessMemory or WriteProcessMemory request was completed. (0x12B)
[0906/002736.636:ERROR:process_memory_win.cc(73)] ReadMemory at 0x18d53a000a0 of 60 bytes failed: Only part of a ReadProcessMemory or WriteProcessMemory request was completed. (0x12B)
[0906/002736.636:ERROR:process_memory_win.cc(73)] ReadMemory at 0x18d53a000f0 of 62 bytes failed: Only part of a ReadProcessMemory or WriteProcessMemory request was completed. (0x12B)
[0906/002736.636:ERROR:process_memory_win.cc(73)] ReadMemory at 0x18d53a00230 of 62 bytes failed: Only part of a ReadProcessMemory or WriteProcessMemory request was completed. (0x12B)
[0906/002736.636:ERROR:process_memory_win.cc(73)] ReadMemory at 0x18d53a00280 of 58 bytes failed: Only part of a ReadProcessMemory or WriteProcessMemory request was completed. (0x12B)
[0906/002736.636:ERROR:process_memory_win.cc(73)] ReadMemory at 0x18d53a039b0 of 512 bytes failed: Only part of a ReadProcessMemory or WriteProcessMemory request was completed. (0x12B)
[0906/002736.636:ERROR:process_memory_win.cc(73)] ReadMemory at 0x18d53a251b0 of 512 bytes failed: Only part of a ReadProcessMemory or WriteProcessMemory request was completed. (0x12B)
[0906/002736.636:ERROR:process_memory_win.cc(73)] ReadMemory at 0x18d53a255b0 of 512 bytes failed: Only part of a ReadProcessMemory or WriteProcessMemory request was completed. (0x12B)
[0906/002736.636:ERROR:process_memory_win.cc(73)] ReadMemory at 0x18d53a26230 of 512 bytes failed: Only part of a ReadProcessMemory or WriteProcessMemory request was completed. (0x12B)
[0906/002736.636:ERROR:process_memory_win.cc(73)] ReadMemory at 0x18d53a32370 of 512 bytes failed: Only part of a ReadProcessMemory or WriteProcessMemory request was completed. (0x12B)
[0906/002736.636:ERROR:process_memory_win.cc(73)] ReadMemory at 0x18d53a407a0 of 512 bytes failed: Only part of a ReadProcessMemory or WriteProcessMemory request was completed. (0x12B)
[0906/002736.636:ERROR:process_memory_win.cc(73)] ReadMemory at 0x18d53a5a920 of 512 bytes failed: Only part of a ReadProcessMemory or WriteProcessMemory request was completed. (0x12B)
[0906/002736.636:ERROR:process_memory_win.cc(73)] ReadMemory at 0x18d53a5cb70 of 512 bytes failed: Only part of a ReadProcessMemory or WriteProcessMemory request was completed. (0x12B)
[0906/002736.636:ERROR:process_memory_win.cc(73)] ReadMemory at 0x18d53a5d6c0 of 512 bytes failed: Only part of a ReadProcessMemory or WriteProcessMemory request was completed. (0x12B)
[0906/002736.637:ERROR:process_memory_win.cc(73)] ReadMemory at 0x18d53a5eec0 of 712 bytes failed: Only part of a ReadProcessMemory or WriteProcessMemory request was completed. (0x12B)
[0906/002736.637:ERROR:process_memory_win.cc(73)] ReadMemory at 0x18d5551c082 of 512 bytes failed: Only part of a ReadProcessMemory or WriteProcessMemory request was completed. (0x12B)
[0906/002736.637:ERROR:process_memory_win.cc(73)] ReadMemory at 0x18d5551cfe0 of 512 bytes failed: Only part of a ReadProcessMemory or WriteProcessMemory request was completed. (0x12B)
[0906/002736.637:ERROR:process_memory_win.cc(73)] ReadMemory at 0x18d55529ef0 of 512 bytes failed: Only part of a ReadProcessMemory or WriteProcessMemory request was completed. (0x12B)
[0906/002736.637:ERROR:process_memory_win.cc(73)] ReadMemory at 0x18d555d64c0 of 512 bytes failed: Only part of a ReadProcessMemory or WriteProcessMemory request was completed. (0x12B)
[0906/002736.637:ERROR:process_memory_win.cc(73)] ReadMemory at 0x18d555d6740 of 512 bytes failed: Only part of a ReadProcessMemory or WriteProcessMemory request was completed. (0x12B)
[0906/002736.637:ERROR:process_memory_win.cc(73)] ReadMemory at 0x18d558d8f70 of 512 bytes failed: Only part of a ReadProcessMemory or WriteProcessMemory request was completed. (0x12B)
[0906/002736.637:ERROR:process_memory_win.cc(73)] ReadMemory at 0x18d558d93f0 of 512 bytes failed: Only part of a ReadProcessMemory or WriteProcessMemory request was completed. (0x12B)
[0906/002736.637:ERROR:process_memory_win.cc(73)] ReadMemory at 0x18d5593ff70 of 512 bytes failed: Only part of a ReadProcessMemory or WriteProcessMemory request was completed. (0x12B)
[0906/002736.637:ERROR:process_memory_win.cc(73)] ReadMemory at 0x18d55e51608 of 512 bytes failed: Only part of a ReadProcessMemory or WriteProcessMemory request was completed. (0x12B)
[0906/002736.637:ERROR:process_memory_win.cc(73)] ReadMemory at 0x18d55f50030 of 512 bytes failed: Only part of a ReadProcessMemory or WriteProcessMemory request was completed. (0x12B)
[0906/002736.637:ERROR:process_memory_win.cc(73)] ReadMemory at 0x18d578cb4c8 of 520 bytes failed: Only part of a ReadProcessMemory or WriteProcessMemory request was completed. (0x12B)
[0906/002736.637:ERROR:process_memory_win.cc(73)] ReadMemory at 0x18d579d7160 of 512 bytes failed: Only part of a ReadProcessMemory or WriteProcessMemory request was completed. (0x12B)
[0906/002736.637:ERROR:process_memory_win.cc(73)] ReadMemory at 0x18d57a22120 of 512 bytes failed: Only part of a ReadProcessMemory or WriteProcessMemory request was completed. (0x12B)
[0906/002736.637:ERROR:process_memory_win.cc(73)] ReadMemory at 0x18d5a6c16c0 of 512 bytes failed: Only part of a ReadProcessMemory or WriteProcessMemory request was completed. (0x12B)
[0906/002736.637:ERROR:process_memory_win.cc(73)] ReadMemory at 0x18d5ac1d380 of 512 bytes failed: Only part of a ReadProcessMemory or WriteProcessMemory request was completed. (0x12B)
[0906/002736.637:ERROR:process_memory_win.cc(73)] ReadMemory at 0x18d5b650000 of 384 bytes failed: Only part of a ReadProcessMemory or WriteProcessMemory request was completed. (0x12B)
[0906/002736.637:ERROR:process_memory_win.cc(73)] ReadMemory at 0x18d5cd985f0 of 512 bytes failed: Only part of a ReadProcessMemory or WriteProcessMemory request was completed. (0x12B)
[0906/002736.637:ERROR:process_memory_win.cc(73)] ReadMemory at 0x18d5f7aa9b0 of 512 bytes failed: Only part of a ReadProcessMemory or WriteProcessMemory request was completed. (0x12B)
[0906/002736.637:ERROR:process_memory_win.cc(73)] ReadMemory at 0x18d5f7ab258 of 512 bytes failed: Only part of a ReadProcessMemory or WriteProcessMemory request was completed. (0x12B)
[0906/002736.637:ERROR:process_memory_win.cc(73)] ReadMemory at 0x265c0999e199 of 512 bytes failed: Only part of a ReadProcessMemory or WriteProcessMemory request was completed. (0x12B)
[0906/002736.637:ERROR:process_memory_win.cc(73)] ReadMemory at 0x42c09d25e425 of 512 bytes failed: Only part of a ReadProcessMemory or WriteProcessMemory request was completed. (0x12B)
[0906/002736.637:ERROR:process_memory_win.cc(73)] ReadMemory at 0x42c09d270f96 of 512 bytes failed: Only part of a ReadProcessMemory or WriteProcessMemory request was completed. (0x12B)
[0906/002736.637:ERROR:process_memory_win.cc(73)] ReadMemory at 0x42c09e0ae276 of 512 bytes failed: Only part of a ReadProcessMemory or WriteProcessMemory request was completed. (0x12B)
[0906/002736.637:ERROR:process_memory_win.cc(73)] ReadMemory at 0x42c09e0b5608 of 512 bytes failed: Only part of a ReadProcessMemory or WriteProcessMemory request was completed. (0x12B)
[0906/002736.637:ERROR:process_memory_win.cc(73)] ReadMemory at 0x7ff800976cd0 of 512 bytes failed: Only part of a ReadProcessMemory or WriteProcessMemory request was completed. (0x12B)
[0906/002736.637:ERROR:process_memory_win.cc(73)] ReadMemory at 0x7ff800ef49c9 of 512 bytes failed: Only part of a ReadProcessMemory or WriteProcessMemory request was completed. (0x12B)
[0906/002736.638:ERROR:process_memory_win.cc(73)] ReadMemory at 0x7ff809239a78 of 512 bytes failed: Only part of a ReadProcessMemory or WriteProcessMemory request was completed. (0x12B)
[0906/002736.638:ERROR:process_memory_win.cc(73)] ReadMemory at 0x7ff86b7da699 of 512 bytes failed: Only part of a ReadProcessMemory or WriteProcessMemory request was completed. (0x12B)
[0906/002736.638:ERROR:process_memory_win.cc(73)] ReadMemory at 0x7ff86ba0c6d0 of 512 bytes failed: Only part of a ReadProcessMemory or WriteProcessMemory request was completed. (0x12B)
[0906/002736.638:ERROR:process_memory_win.cc(73)] ReadMemory at 0x7ff86d921f80 of 512 bytes failed: Only part of a ReadProcessMemory or WriteProcessMemory request was completed. (0x12B)
[0906/002736.638:ERROR:process_memory_win.cc(73)] ReadMemory at 0x7ff86da9c074 of 672 bytes failed: Only part of a ReadProcessMemory or WriteProcessMemory request was completed. (0x12B)
[0906/002736.638:ERROR:process_memory_win.cc(73)] ReadMemory at 0x7ff86da9c674 of 512 bytes failed: Only part of a ReadProcessMemory or WriteProcessMemory request was completed. (0x12B)
[0906/002736.638:ERROR:process_memory_win.cc(73)] ReadMemory at 0x7ff86da9f924 of 608 bytes failed: Only part of a ReadProcessMemory or WriteProcessMemory request was completed. (0x12B)
[0906/002736.638:ERROR:process_memory_win.cc(73)] ReadMemory at 0x7ff86db2c428 of 18 bytes failed: Only part of a ReadProcessMemory or WriteProcessMemory request was completed. (0x12B)
[0906/002736.638:ERROR:process_memory_win.cc(73)] ReadMemory at 0x7ff86db5f4f8 of 40 bytes failed: Only part of a ReadProcessMemory or WriteProcessMemory request was completed. (0x12B)
[0906/002736.638:ERROR:process_memory_win.cc(73)] ReadMemory at 0x7ff86db5f978 of 48 bytes failed: Only part of a ReadProcessMemory or WriteProcessMemory request was completed. (0x12B)
[0906/002736.638:ERROR:process_memory_win.cc(73)] ReadMemory at 0x7ff86db653c0 of 64 bytes failed: Only part of a ReadProcessMemory or WriteProcessMemory request was completed. (0x12B)
[0906/002736.639:ERROR:scoped_process_suspend.cc(40)] NtResumeProcess: An attempt was made to access an exiting process. (0xc000010a)
